# JRE version: Java(TM) SE Runtime Environment (8.0_131-b11) (build 1.8.0_131-b11)
# Java VM: Java HotSpot(TM) 64-Bit Server VM (25.131-b11 mixed mode linux-amd64 compressed oops)
Heap:
 PSYoungGen      total 135168K, used 11264K [0x00000000eb600000, 0x00000000f4700000, 0x0000000100000000)
  eden space 123904K, 0% used [0x00000000eb600000,0x00000000eb600000,0x00000000f2f00000)
  from space 11264K, 100% used [0x00000000f2f00000,0x00000000f3a00000,0x00000000f3a00000)
  to   space 9216K, 0% used [0x00000000f3a00000,0x00000000f3a00000,0x00000000f4300000)
 ParOldGen       total 42496K, used 15830K [0x00000000c2200000, 0x00000000c4b80000, 0x00000000eb600000)
  object space 42496K, 37% used [0x00000000c2200000,0x00000000c31759d8,0x00000000c4b80000)
 Metaspace       used 15743K, capacity 16234K, committed 16512K, reserved 1064960K
  class space    used 1786K, capacity 1877K, committed 1920K, reserved 1048576K
GC Heap History (10 events):
Event: 5.718 GC heap after
Heap after GC invocations=4 (full 0):
 PSYoungGen      total 34304K, used 2560K [0x00000000eb600000, 0x00000000eda00000, 0x0000000100000000)
  eden space 31744K, 0% used [0x00000000eb600000,0x00000000eb600000,0x00000000ed500000)
  from space 2560K, 100% used [0x00000000ed780000,0x00000000eda00000,0x00000000eda00000)
  to   space 2560K, 0% used [0x00000000ed500000,0x00000000ed500000,0x00000000ed780000)
 ParOldGen       total 42496K, used 3797K [0x00000000c2200000, 0x00000000c4b80000, 0x00000000eb600000)
  object space 42496K, 8% used [0x00000000c2200000,0x00000000c25b57c8,0x00000000c4b80000)
 Metaspace       used 11557K, capacity 11700K, committed 11776K, reserved 1058816K
  class space    used 1429K, capacity 1468K, committed 1536K, reserved 1048576K
}
Event: 6.369 GC heap before
{Heap before GC invocations=5 (full 0):
 PSYoungGen      total 34304K, used 34304K [0x00000000eb600000, 0x00000000eda00000, 0x0000000100000000)
  eden space 31744K, 100% used [0x00000000eb600000,0x00000000ed500000,0x00000000ed500000)
  from space 2560K, 100% used [0x00000000ed780000,0x00000000eda00000,0x00000000eda00000)
  to   space 2560K, 0% used [0x00000000ed500000,0x00000000ed500000,0x00000000ed780000)
 ParOldGen       total 42496K, used 3797K [0x00000000c2200000, 0x00000000c4b80000, 0x00000000eb600000)
  object space 42496K, 8% used [0x00000000c2200000,0x00000000c25b57c8,0x00000000c4b80000)
 Metaspace       used 13244K, capacity 13380K, committed 13440K, reserved 1060864K
  class space    used 1577K, capacity 1636K, committed 1664K, reserved 1048576K
Event: 6.395 GC heap after
Heap after GC invocations=5 (full 0):
 PSYoungGen      total 34304K, used 2560K [0x00000000eb600000, 0x00000000f0100000, 0x0000000100000000)
  eden space 31744K, 0% used [0x00000000eb600000,0x00000000eb600000,0x00000000ed500000)
  from space 2560K, 100% used [0x00000000ed500000,0x00000000ed780000,0x00000000ed780000)
  to   space 6656K, 0% used [0x00000000efa80000,0x00000000efa80000,0x00000000f0100000)
 ParOldGen       total 42496K, used 8459K [0x00000000c2200000, 0x00000000c4b80000, 0x00000000eb600000)
  object space 42496K, 19% used [0x00000000c2200000,0x00000000c2a42f60,0x00000000c4b80000)
 Metaspace       used 13244K, capacity 13380K, committed 13440K, reserved 1060864K
  class space    used 1577K, capacity 1636K, committed 1664K, reserved 1048576K
}
Event: 6.499 GC heap before
{Heap before GC invocations=6 (full 0):
 PSYoungGen      total 34304K, used 34304K [0x00000000eb600000, 0x00000000f0100000, 0x0000000100000000)
  eden space 31744K, 100% used [0x00000000eb600000,0x00000000ed500000,0x00000000ed500000)
  from space 2560K, 100% used [0x00000000ed500000,0x00000000ed780000,0x00000000ed780000)
  to   space 6656K, 0% used [0x00000000efa80000,0x00000000efa80000,0x00000000f0100000)
 ParOldGen       total 42496K, used 8459K [0x00000000c2200000, 0x00000000c4b80000, 0x00000000eb600000)
  object space 42496K, 19% used [0x00000000c2200000,0x00000000c2a42f60,0x00000000c4b80000)
 Metaspace       used 13276K, capacity 13508K, committed 13696K, reserved 1060864K
  class space    used 1577K, capacity 1636K, committed 1664K, reserved 1048576K
Event: 6.514 GC heap after
Heap after GC invocations=6 (full 0):
 PSYoungGen      total 69632K, used 5664K [0x00000000eb600000, 0x00000000f0200000, 0x0000000100000000)
  eden space 62976K, 0% used [0x00000000eb600000,0x00000000eb600000,0x00000000ef380000)
  from space 6656K, 85% used [0x00000000efa80000,0x00000000f0008020,0x00000000f0100000)
  to   space 7168K, 0% used [0x00000000ef380000,0x00000000ef380000,0x00000000efa80000)
 ParOldGen       total 42496K, used 8459K [0x00000000c2200000, 0x00000000c4b80000, 0x00000000eb600000)
  object space 42496K, 19% used [0x00000000c2200000,0x00000000c2a42f60,0x00000000c4b80000)
 Metaspace       used 13276K, capacity 13508K, committed 13696K, reserved 1060864K
  class space    used 1577K, capacity 1636K, committed 1664K, reserved 1048576K
}
Event: 7.082 GC heap before
{Heap before GC invocations=7 (full 0):
 PSYoungGen      total 69632K, used 68640K [0x00000000eb600000, 0x00000000f0200000, 0x0000000100000000)
  eden space 62976K, 100% used [0x00000000eb600000,0x00000000ef380000,0x00000000ef380000)
  from space 6656K, 85% used [0x00000000efa80000,0x00000000f0008020,0x00000000f0100000)
  to   space 7168K, 0% used [0x00000000ef380000,0x00000000ef380000,0x00000000efa80000)
 ParOldGen       total 42496K, used 8459K [0x00000000c2200000, 0x00000000c4b80000, 0x00000000eb600000)
  object space 42496K, 19% used [0x00000000c2200000,0x00000000c2a42f60,0x00000000c4b80000)
 Metaspace       used 13870K, capacity 14102K, committed 14336K, reserved 1062912K
  class space    used 1632K, capacity 1708K, committed 1792K, reserved 1048576K
Event: 7.102 GC heap after
Heap after GC invocations=7 (full 0):
 PSYoungGen      total 70144K, used 7152K [0x00000000eb600000, 0x00000000f4300000, 0x0000000100000000)
  eden space 62976K, 0% used [0x00000000eb600000,0x00000000eb600000,0x00000000ef380000)
  from space 7168K, 99% used [0x00000000ef380000,0x00000000efa7c010,0x00000000efa80000)
  to   space 9216K, 0% used [0x00000000f3a00000,0x00000000f3a00000,0x00000000f4300000)
 ParOldGen       total 42496K, used 10674K [0x00000000c2200000, 0x00000000c4b80000, 0x00000000eb600000)
  object space 42496K, 25% used [0x00000000c2200000,0x00000000c2c6c820,0x00000000c4b80000)
 Metaspace       used 13870K, capacity 14102K, committed 14336K, reserved 1062912K
  class space    used 1632K, capacity 1708K, committed 1792K, reserved 1048576K
}
Event: 7.544 GC heap before
{Heap before GC invocations=8 (full 0):
 PSYoungGen      total 70144K, used 70128K [0x00000000eb600000, 0x00000000f4300000, 0x0000000100000000)
  eden space 62976K, 100% used [0x00000000eb600000,0x00000000ef380000,0x00000000ef380000)
  from space 7168K, 99% used [0x00000000ef380000,0x00000000efa7c010,0x00000000efa80000)
  to   space 9216K, 0% used [0x00000000f3a00000,0x00000000f3a00000,0x00000000f4300000)
 ParOldGen       total 42496K, used 10674K [0x00000000c2200000, 0x00000000c4b80000, 0x00000000eb600000)
  object space 42496K, 25% used [0x00000000c2200000,0x00000000c2c6c820,0x00000000c4b80000)
 Metaspace       used 14093K, capacity 14294K, committed 14592K, reserved 1062912K
  class space    used 1633K, capacity 1708K, committed 1792K, reserved 1048576K
Event: 7.666 GC heap after
Heap after GC invocations=8 (full 0):
 PSYoungGen      total 133120K, used 9184K [0x00000000eb600000, 0x00000000f4700000, 0x0000000100000000)
  eden space 123904K, 0% used [0x00000000eb600000,0x00000000eb600000,0x00000000f2f00000)
  from space 9216K, 99% used [0x00000000f3a00000,0x00000000f42f8020,0x00000000f4300000)
  to   space 11264K, 0% used [0x00000000f2f00000,0x00000000f2f00000,0x00000000f3a00000)
 ParOldGen       total 42496K, used 12108K [0x00000000c2200000, 0x00000000c4b80000, 0x00000000eb600000)
  object space 42496K, 28% used [0x00000000c2200000,0x00000000c2dd3030,0x00000000c4b80000)
 Metaspace       used 14093K, capacity 14294K, committed 14592K, reserved 1062912K
  class space    used 1633K, capacity 1708K, committed 1792K, reserved 1048576K
}
Event: 9.865 GC heap before
{Heap before GC invocations=9 (full 0):
 PSYoungGen      total 133120K, used 133088K [0x00000000eb600000, 0x00000000f4700000, 0x0000000100000000)
  eden space 123904K, 100% used [0x00000000eb600000,0x00000000f2f00000,0x00000000f2f00000)
  from space 9216K, 99% used [0x00000000f3a00000,0x00000000f42f8020,0x00000000f4300000)
  to   space 11264K, 0% used [0x00000000f2f00000,0x00000000f2f00000,0x00000000f3a00000)
 ParOldGen       total 42496K, used 12108K [0x00000000c2200000, 0x00000000c4b80000, 0x00000000eb600000)
  object space 42496K, 28% used [0x00000000c2200000,0x00000000c2dd3030,0x00000000c4b80000)
 Metaspace       used 15743K, capacity 16234K, committed 16512K, reserved 1064960K
  class space    used 1786K, capacity 1877K, committed 1920K, reserved 1048576K

