# JRE version: Java(TM) SE Runtime Environment (8.0_131-b11) (build 1.8.0_131-b11)
# Java VM: Java HotSpot(TM) 64-Bit Server VM (25.131-b11 mixed mode linux-amd64 compressed oops)
Heap:
 PSYoungGen      total 215040K, used 5110K [0x00000000eb600000, 0x00000000f9780000, 0x0000000100000000)
  eden space 199680K, 0% used [0x00000000eb600000,0x00000000eb600000,0x00000000f7900000)
  from space 15360K, 33% used [0x00000000f7900000,0x00000000f7dfda50,0x00000000f8800000)
  to   space 14848K, 0% used [0x00000000f8800000,0x00000000f8800000,0x00000000f9680000)
 ParOldGen       total 49152K, used 21646K [0x00000000c2200000, 0x00000000c5200000, 0x00000000eb600000)
  object space 49152K, 44% used [0x00000000c2200000,0x00000000c3723ac8,0x00000000c5200000)
 Metaspace       used 22616K, capacity 23374K, committed 23552K, reserved 1071104K
  class space    used 2612K, capacity 2751K, committed 2816K, reserved 1048576K
GC Heap History (10 events):
Event: 2.921 GC heap after
Heap after GC invocations=7 (full 0):
 PSYoungGen      total 70144K, used 7168K [0x00000000eb600000, 0x00000000f4300000, 0x0000000100000000)
  eden space 62976K, 0% used [0x00000000eb600000,0x00000000eb600000,0x00000000ef380000)
  from space 7168K, 100% used [0x00000000ef380000,0x00000000efa80000,0x00000000efa80000)
  to   space 9216K, 0% used [0x00000000f3a00000,0x00000000f3a00000,0x00000000f4300000)
 ParOldGen       total 42496K, used 10643K [0x00000000c2200000, 0x00000000c4b80000, 0x00000000eb600000)
  object space 42496K, 25% used [0x00000000c2200000,0x00000000c2c64c78,0x00000000c4b80000)
 Metaspace       used 13841K, capacity 14102K, committed 14336K, reserved 1062912K
  class space    used 1631K, capacity 1708K, committed 1792K, reserved 1048576K
}
Event: 3.260 GC heap before
{Heap before GC invocations=8 (full 0):
 PSYoungGen      total 70144K, used 70144K [0x00000000eb600000, 0x00000000f4300000, 0x0000000100000000)
  eden space 62976K, 100% used [0x00000000eb600000,0x00000000ef380000,0x00000000ef380000)
  from space 7168K, 100% used [0x00000000ef380000,0x00000000efa80000,0x00000000efa80000)
  to   space 9216K, 0% used [0x00000000f3a00000,0x00000000f3a00000,0x00000000f4300000)
 ParOldGen       total 42496K, used 10643K [0x00000000c2200000, 0x00000000c4b80000, 0x00000000eb600000)
  object space 42496K, 25% used [0x00000000c2200000,0x00000000c2c64c78,0x00000000c4b80000)
 Metaspace       used 13994K, capacity 14230K, committed 14336K, reserved 1062912K
  class space    used 1632K, capacity 1708K, committed 1792K, reserved 1048576K
Event: 3.292 GC heap after
Heap after GC invocations=8 (full 0):
 PSYoungGen      total 134144K, used 8672K [0x00000000eb600000, 0x00000000f4500000, 0x0000000100000000)
  eden space 124928K, 0% used [0x00000000eb600000,0x00000000eb600000,0x00000000f3000000)
  from space 9216K, 94% used [0x00000000f3a00000,0x00000000f4278020,0x00000000f4300000)
  to   space 10240K, 0% used [0x00000000f3000000,0x00000000f3000000,0x00000000f3a00000)
 ParOldGen       total 42496K, used 11705K [0x00000000c2200000, 0x00000000c4b80000, 0x00000000eb600000)
  object space 42496K, 27% used [0x00000000c2200000,0x00000000c2d6e498,0x00000000c4b80000)
 Metaspace       used 13994K, capacity 14230K, committed 14336K, reserved 1062912K
  class space    used 1632K, capacity 1708K, committed 1792K, reserved 1048576K
}
Event: 5.694 GC heap before
{Heap before GC invocations=9 (full 0):
 PSYoungGen      total 134144K, used 133600K [0x00000000eb600000, 0x00000000f4500000, 0x0000000100000000)
  eden space 124928K, 100% used [0x00000000eb600000,0x00000000f3000000,0x00000000f3000000)
  from space 9216K, 94% used [0x00000000f3a00000,0x00000000f4278020,0x00000000f4300000)
  to   space 10240K, 0% used [0x00000000f3000000,0x00000000f3000000,0x00000000f3a00000)
 ParOldGen       total 42496K, used 11705K [0x00000000c2200000, 0x00000000c4b80000, 0x00000000eb600000)
  object space 42496K, 27% used [0x00000000c2200000,0x00000000c2d6e498,0x00000000c4b80000)
 Metaspace       used 19561K, capacity 20076K, committed 20352K, reserved 1067008K
  class space    used 2302K, capacity 2391K, committed 2432K, reserved 1048576K
Event: 5.751 GC heap after
Heap after GC invocations=9 (full 0):
 PSYoungGen      total 135168K, used 10231K [0x00000000eb600000, 0x00000000f9680000, 0x0000000100000000)
  eden space 124928K, 0% used [0x00000000eb600000,0x00000000eb600000,0x00000000f3000000)
  from space 10240K, 99% used [0x00000000f3000000,0x00000000f39fdde0,0x00000000f3a00000)
  to   space 14848K, 0% used [0x00000000f8800000,0x00000000f8800000,0x00000000f9680000)
 ParOldGen       total 42496K, used 19583K [0x00000000c2200000, 0x00000000c4b80000, 0x00000000eb600000)
  object space 42496K, 46% used [0x00000000c2200000,0x00000000c351fcc0,0x00000000c4b80000)
 Metaspace       used 19561K, capacity 20076K, committed 20352K, reserved 1067008K
  class space    used 2302K, capacity 2391K, committed 2432K, reserved 1048576K
}
Event: 6.377 GC heap before
{Heap before GC invocations=10 (full 0):
 PSYoungGen      total 135168K, used 35831K [0x00000000eb600000, 0x00000000f9680000, 0x0000000100000000)
  eden space 124928K, 20% used [0x00000000eb600000,0x00000000ecf00138,0x00000000f3000000)
  from space 10240K, 99% used [0x00000000f3000000,0x00000000f39fdde0,0x00000000f3a00000)
  to   space 14848K, 0% used [0x00000000f8800000,0x00000000f8800000,0x00000000f9680000)
 ParOldGen       total 42496K, used 19583K [0x00000000c2200000, 0x00000000c4b80000, 0x00000000eb600000)
  object space 42496K, 46% used [0x00000000c2200000,0x00000000c351fcc0,0x00000000c4b80000)
 Metaspace       used 20640K, capacity 21196K, committed 21248K, reserved 1069056K
  class space    used 2413K, capacity 2526K, committed 2560K, reserved 1048576K
Event: 6.401 GC heap after
Heap after GC invocations=10 (full 0):
 PSYoungGen      total 214528K, used 10419K [0x00000000eb600000, 0x00000000f9780000, 0x0000000100000000)
  eden space 199680K, 0% used [0x00000000eb600000,0x00000000eb600000,0x00000000f7900000)
  from space 14848K, 70% used [0x00000000f8800000,0x00000000f922ccf0,0x00000000f9680000)
  to   space 15360K, 0% used [0x00000000f7900000,0x00000000f7900000,0x00000000f8800000)
 ParOldGen       total 42496K, used 23575K [0x00000000c2200000, 0x00000000c4b80000, 0x00000000eb600000)
  object space 42496K, 55% used [0x00000000c2200000,0x00000000c3905cc0,0x00000000c4b80000)
 Metaspace       used 20640K, capacity 21196K, committed 21248K, reserved 1069056K
  class space    used 2413K, capacity 2526K, committed 2560K, reserved 1048576K
}
Event: 6.402 GC heap before
{Heap before GC invocations=11 (full 1):
 PSYoungGen      total 214528K, used 10419K [0x00000000eb600000, 0x00000000f9780000, 0x0000000100000000)
  eden space 199680K, 0% used [0x00000000eb600000,0x00000000eb600000,0x00000000f7900000)
  from space 14848K, 70% used [0x00000000f8800000,0x00000000f922ccf0,0x00000000f9680000)
  to   space 15360K, 0% used [0x00000000f7900000,0x00000000f7900000,0x00000000f8800000)
 ParOldGen       total 42496K, used 23575K [0x00000000c2200000, 0x00000000c4b80000, 0x00000000eb600000)
  object space 42496K, 55% used [0x00000000c2200000,0x00000000c3905cc0,0x00000000c4b80000)
 Metaspace       used 20640K, capacity 21196K, committed 21248K, reserved 1069056K
  class space    used 2413K, capacity 2526K, committed 2560K, reserved 1048576K
Event: 6.521 GC heap after
Heap after GC invocations=11 (full 1):
 PSYoungGen      total 214528K, used 0K [0x00000000eb600000, 0x00000000f9780000, 0x0000000100000000)
  eden space 199680K, 0% used [0x00000000eb600000,0x00000000eb600000,0x00000000f7900000)
  from space 14848K, 0% used [0x00000000f8800000,0x00000000f8800000,0x00000000f9680000)
  to   space 15360K, 0% used [0x00000000f7900000,0x00000000f7900000,0x00000000f8800000)
 ParOldGen       total 49152K, used 21638K [0x00000000c2200000, 0x00000000c5200000, 0x00000000eb600000)
  object space 49152K, 44% used [0x00000000c2200000,0x00000000c3721ac8,0x00000000c5200000)
 Metaspace       used 20640K, capacity 21196K, committed 21248K, reserved 1069056K
  class space    used 2413K, capacity 2526K, committed 2560K, reserved 1048576K
}
Event: 8.816 GC heap before
{Heap before GC invocations=12 (full 1):
 PSYoungGen      total 214528K, used 87892K [0x00000000eb600000, 0x00000000f9780000, 0x0000000100000000)
  eden space 199680K, 44% used [0x00000000eb600000,0x00000000f0bd53b0,0x00000000f7900000)
  from space 14848K, 0% used [0x00000000f8800000,0x00000000f8800000,0x00000000f9680000)
  to   space 15360K, 0% used [0x00000000f7900000,0x00000000f7900000,0x00000000f8800000)
 ParOldGen       total 49152K, used 21638K [0x00000000c2200000, 0x00000000c5200000, 0x00000000eb600000)
  object space 49152K, 44% used [0x00000000c2200000,0x00000000c3721ac8,0x00000000c5200000)
 Metaspace       used 22616K, capacity 23374K, committed 23552K, reserved 1071104K
  class space    used 2612K, capacity 2751K, committed 2816K, reserved 1048576K

